# JRE version: OpenJDK Runtime Environment (Zulu 8.46.0.19-CA-win64) (8.0_252-b14) (build 1.8.0_252-b14)
# Java VM: OpenJDK 64-Bit Server VM (25.252-b14 mixed mode windows-amd64 compressed oops)
Heap:
 PSYoungGen      total 364032K, used 249546K [0x000000076c380000, 0x0000000783800000, 0x00000007c0000000)
  eden space 347648K, 71% used [0x000000076c380000,0x000000077b7328f8,0x0000000781700000)
  from space 16384K, 0% used [0x0000000781700000,0x0000000781700000,0x0000000782700000)
  to   space 16896K, 0% used [0x0000000782780000,0x0000000782780000,0x0000000783800000)
 ParOldGen       total 154112K, used 17894K [0x00000006c4a00000, 0x00000006ce080000, 0x000000076c380000)
  object space 154112K, 11% used [0x00000006c4a00000,0x00000006c5b79880,0x00000006ce080000)
 Metaspace       used 56925K, capacity 60446K, committed 60584K, reserved 1101824K
  class space    used 7734K, capacity 8364K, committed 8368K, reserved 1048576K
GC Heap History (10 events):
Event: 20.648 GC heap before
{Heap before GC invocations=11 (full 2):
 PSYoungGen      total 293376K, used 293351K [0x000000076c380000, 0x000000077f480000, 0x00000007c0000000)
  eden space 282112K, 100% used [0x000000076c380000,0x000000077d700000,0x000000077d700000)
  from space 11264K, 99% used [0x000000077e980000,0x000000077f479d88,0x000000077f480000)
  to   space 13312K, 0% used [0x000000077da80000,0x000000077da80000,0x000000077e780000)
 ParOldGen       total 154112K, used 16612K [0x00000006c4a00000, 0x00000006ce080000, 0x000000076c380000)
  object space 154112K, 10% used [0x00000006c4a00000,0x00000006c5a39328,0x00000006ce080000)
 Metaspace       used 55378K, capacity 58468K, committed 58664K, reserved 1099776K
  class space    used 7553K, capacity 8119K, committed 8240K, reserved 1048576K
Event: 20.665 GC heap after
Heap after GC invocations=11 (full 2):
 PSYoungGen      total 299008K, used 13310K [0x000000076c380000, 0x0000000783800000, 0x00000007c0000000)
  eden space 285696K, 0% used [0x000000076c380000,0x000000076c380000,0x000000077da80000)
  from space 13312K, 99% used [0x000000077da80000,0x000000077e77fba8,0x000000077e780000)
  to   space 16896K, 0% used [0x0000000782780000,0x0000000782780000,0x0000000783800000)
 ParOldGen       total 154112K, used 21658K [0x00000006c4a00000, 0x00000006ce080000, 0x000000076c380000)
  object space 154112K, 14% used [0x00000006c4a00000,0x00000006c5f26b30,0x00000006ce080000)
 Metaspace       used 55378K, capacity 58468K, committed 58664K, reserved 1099776K
  class space    used 7553K, capacity 8119K, committed 8240K, reserved 1048576K
}
Event: 105.143 GC heap before
{Heap before GC invocations=12 (full 2):
 PSYoungGen      total 299008K, used 54278K [0x000000076c380000, 0x0000000783800000, 0x00000007c0000000)
  eden space 285696K, 14% used [0x000000076c380000,0x000000076eb82038,0x000000077da80000)
  from space 13312K, 99% used [0x000000077da80000,0x000000077e77fba8,0x000000077e780000)
  to   space 16896K, 0% used [0x0000000782780000,0x0000000782780000,0x0000000783800000)
 ParOldGen       total 154112K, used 21658K [0x00000006c4a00000, 0x00000006ce080000, 0x000000076c380000)
  object space 154112K, 14% used [0x00000006c4a00000,0x00000006c5f26b30,0x00000006ce080000)
 Metaspace       used 55532K, capacity 58596K, committed 58920K, reserved 1099776K
  class space    used 7581K, capacity 8134K, committed 8240K, reserved 1048576K
Event: 105.149 GC heap after
Heap after GC invocations=12 (full 2):
 PSYoungGen      total 363520K, used 9768K [0x000000076c380000, 0x0000000783700000, 0x00000007c0000000)
  eden space 347648K, 0% used [0x000000076c380000,0x000000076c380000,0x0000000781700000)
  from space 15872K, 61% used [0x0000000782780000,0x000000078310a070,0x0000000783700000)
  to   space 16384K, 0% used [0x0000000781700000,0x0000000781700000,0x0000000782700000)
 ParOldGen       total 154112K, used 21666K [0x00000006c4a00000, 0x00000006ce080000, 0x000000076c380000)
  object space 154112K, 14% used [0x00000006c4a00000,0x00000006c5f28b30,0x00000006ce080000)
 Metaspace       used 55532K, capacity 58596K, committed 58920K, reserved 1099776K
  class space    used 7581K, capacity 8134K, committed 8240K, reserved 1048576K
}
Event: 105.149 GC heap before
{Heap before GC invocations=13 (full 3):
 PSYoungGen      total 363520K, used 9768K [0x000000076c380000, 0x0000000783700000, 0x00000007c0000000)
  eden space 347648K, 0% used [0x000000076c380000,0x000000076c380000,0x0000000781700000)
  from space 15872K, 61% used [0x0000000782780000,0x000000078310a070,0x0000000783700000)
  to   space 16384K, 0% used [0x0000000781700000,0x0000000781700000,0x0000000782700000)
 ParOldGen       total 154112K, used 21666K [0x00000006c4a00000, 0x00000006ce080000, 0x000000076c380000)
  object space 154112K, 14% used [0x00000006c4a00000,0x00000006c5f28b30,0x00000006ce080000)
 Metaspace       used 55532K, capacity 58596K, committed 58920K, reserved 1099776K
  class space    used 7581K, capacity 8134K, committed 8240K, reserved 1048576K
Event: 105.253 GC heap after
Heap after GC invocations=13 (full 3):
 PSYoungGen      total 363520K, used 0K [0x000000076c380000, 0x0000000783700000, 0x00000007c0000000)
  eden space 347648K, 0% used [0x000000076c380000,0x000000076c380000,0x0000000781700000)
  from space 15872K, 0% used [0x0000000782780000,0x0000000782780000,0x0000000783700000)
  to   space 16384K, 0% used [0x0000000781700000,0x0000000781700000,0x0000000782700000)
 ParOldGen       total 154112K, used 17992K [0x00000006c4a00000, 0x00000006ce080000, 0x000000076c380000)
  object space 154112K, 11% used [0x00000006c4a00000,0x00000006c5b922c0,0x00000006ce080000)
 Metaspace       used 55532K, capacity 58596K, committed 58920K, reserved 1099776K
  class space    used 7581K, capacity 8134K, committed 8240K, reserved 1048576K
}
Event: 206.138 GC heap before
{Heap before GC invocations=14 (full 3):
 PSYoungGen      total 363520K, used 228089K [0x000000076c380000, 0x0000000783700000, 0x00000007c0000000)
  eden space 347648K, 65% used [0x000000076c380000,0x000000077a23e510,0x0000000781700000)
  from space 15872K, 0% used [0x0000000782780000,0x0000000782780000,0x0000000783700000)
  to   space 16384K, 0% used [0x0000000781700000,0x0000000781700000,0x0000000782700000)
 ParOldGen       total 154112K, used 17992K [0x00000006c4a00000, 0x00000006ce080000, 0x000000076c380000)
  object space 154112K, 11% used [0x00000006c4a00000,0x00000006c5b922c0,0x00000006ce080000)
 Metaspace       used 56252K, capacity 59586K, committed 59816K, reserved 1101824K
  class space    used 7663K, capacity 8260K, committed 8368K, reserved 1048576K
Event: 206.142 GC heap after
Heap after GC invocations=14 (full 3):
 PSYoungGen      total 364032K, used 3871K [0x000000076c380000, 0x0000000783800000, 0x00000007c0000000)
  eden space 347648K, 0% used [0x000000076c380000,0x000000076c380000,0x0000000781700000)
  from space 16384K, 23% used [0x0000000781700000,0x0000000781ac7f38,0x0000000782700000)
  to   space 16896K, 0% used [0x0000000782780000,0x0000000782780000,0x0000000783800000)
 ParOldGen       total 154112K, used 18000K [0x00000006c4a00000, 0x00000006ce080000, 0x000000076c380000)
  object space 154112K, 11% used [0x00000006c4a00000,0x00000006c5b942c0,0x00000006ce080000)
 Metaspace       used 56252K, capacity 59586K, committed 59816K, reserved 1101824K
  class space    used 7663K, capacity 8260K, committed 8368K, reserved 1048576K
}
Event: 206.142 GC heap before
{Heap before GC invocations=15 (full 4):
 PSYoungGen      total 364032K, used 3871K [0x000000076c380000, 0x0000000783800000, 0x00000007c0000000)
  eden space 347648K, 0% used [0x000000076c380000,0x000000076c380000,0x0000000781700000)
  from space 16384K, 23% used [0x0000000781700000,0x0000000781ac7f38,0x0000000782700000)
  to   space 16896K, 0% used [0x0000000782780000,0x0000000782780000,0x0000000783800000)
 ParOldGen       total 154112K, used 18000K [0x00000006c4a00000, 0x00000006ce080000, 0x000000076c380000)
  object space 154112K, 11% used [0x00000006c4a00000,0x00000006c5b942c0,0x00000006ce080000)
 Metaspace       used 56252K, capacity 59586K, committed 59816K, reserved 1101824K
  class space    used 7663K, capacity 8260K, committed 8368K, reserved 1048576K
Event: 206.256 GC heap after
Heap after GC invocations=15 (full 4):
 PSYoungGen      total 364032K, used 0K [0x000000076c380000, 0x0000000783800000, 0x00000007c0000000)
  eden space 347648K, 0% used [0x000000076c380000,0x000000076c380000,0x0000000781700000)
  from space 16384K, 0% used [0x0000000781700000,0x0000000781700000,0x0000000782700000)
  to   space 16896K, 0% used [0x0000000782780000,0x0000000782780000,0x0000000783800000)
 ParOldGen       total 154112K, used 17894K [0x00000006c4a00000, 0x00000006ce080000, 0x000000076c380000)
  object space 154112K, 11% used [0x00000006c4a00000,0x00000006c5b79880,0x00000006ce080000)
 Metaspace       used 56252K, capacity 59586K, committed 59816K, reserved 1101824K
  class space    used 7663K, capacity 8260K, committed 8368K, reserved 1048576K
}

