# JRE version: OpenJDK Runtime Environment (Zulu 8.46.0.19-CA-win64) (8.0_252-b14) (build 1.8.0_252-b14)
# Java VM: OpenJDK 64-Bit Server VM (25.252-b14 mixed mode windows-amd64 compressed oops)
Heap:
 PSYoungGen      total 459264K, used 231604K [0x000000076c380000, 0x0000000789680000, 0x00000007c0000000)
  eden space 441344K, 52% used [0x000000076c380000,0x000000077a5ad2e8,0x0000000787280000)
  from space 17920K, 0% used [0x0000000788500000,0x0000000788500000,0x0000000789680000)
  to   space 18432K, 0% used [0x0000000787280000,0x0000000787280000,0x0000000788480000)
 ParOldGen       total 237056K, used 20973K [0x00000006c4a00000, 0x00000006d3180000, 0x000000076c380000)
  object space 237056K, 8% used [0x00000006c4a00000,0x00000006c5e7b750,0x00000006d3180000)
 Metaspace       used 60823K, capacity 64560K, committed 64792K, reserved 1105920K
  class space    used 8193K, capacity 8867K, committed 8992K, reserved 1048576K
GC Heap History (10 events):
Event: 308.592 GC heap before
{Heap before GC invocations=15 (full 5):
 PSYoungGen      total 459776K, used 5549K [0x000000076c380000, 0x0000000789780000, 0x00000007c0000000)
  eden space 441344K, 0% used [0x000000076c380000,0x000000076c380000,0x0000000787280000)
  from space 18432K, 30% used [0x0000000788580000,0x0000000788aeb7a0,0x0000000789780000)
  to   space 18944K, 0% used [0x0000000787280000,0x0000000787280000,0x0000000788500000)
 ParOldGen       total 237056K, used 19977K [0x00000006c4a00000, 0x00000006d3180000, 0x000000076c380000)
  object space 237056K, 8% used [0x00000006c4a00000,0x00000006c5d82470,0x00000006d3180000)
 Metaspace       used 58826K, capacity 62222K, committed 62360K, reserved 1103872K
  class space    used 8000K, capacity 8584K, committed 8608K, reserved 1048576K
Event: 308.706 GC heap after
Heap after GC invocations=15 (full 5):
 PSYoungGen      total 459776K, used 0K [0x000000076c380000, 0x0000000789780000, 0x00000007c0000000)
  eden space 441344K, 0% used [0x000000076c380000,0x000000076c380000,0x0000000787280000)
  from space 18432K, 0% used [0x0000000788580000,0x0000000788580000,0x0000000789780000)
  to   space 18944K, 0% used [0x0000000787280000,0x0000000787280000,0x0000000788500000)
 ParOldGen       total 237056K, used 20188K [0x00000006c4a00000, 0x00000006d3180000, 0x000000076c380000)
  object space 237056K, 8% used [0x00000006c4a00000,0x00000006c5db7390,0x00000006d3180000)
 Metaspace       used 58826K, capacity 62222K, committed 62360K, reserved 1103872K
  class space    used 8000K, capacity 8584K, committed 8608K, reserved 1048576K
}
Event: 331.098 GC heap before
{Heap before GC invocations=16 (full 5):
 PSYoungGen      total 459776K, used 215749K [0x000000076c380000, 0x0000000789780000, 0x00000007c0000000)
  eden space 441344K, 48% used [0x000000076c380000,0x00000007796316d0,0x0000000787280000)
  from space 18432K, 0% used [0x0000000788580000,0x0000000788580000,0x0000000789780000)
  to   space 18944K, 0% used [0x0000000787280000,0x0000000787280000,0x0000000788500000)
 ParOldGen       total 237056K, used 20188K [0x00000006c4a00000, 0x00000006d3180000, 0x000000076c380000)
  object space 237056K, 8% used [0x00000006c4a00000,0x00000006c5db7390,0x00000006d3180000)
 Metaspace       used 59535K, capacity 63040K, committed 63256K, reserved 1103872K
  class space    used 8065K, capacity 8682K, committed 8736K, reserved 1048576K
Event: 331.102 GC heap after
Heap after GC invocations=16 (full 5):
 PSYoungGen      total 460288K, used 3791K [0x000000076c380000, 0x0000000789780000, 0x00000007c0000000)
  eden space 441344K, 0% used [0x000000076c380000,0x000000076c380000,0x0000000787280000)
  from space 18944K, 20% used [0x0000000787280000,0x0000000787633c08,0x0000000788500000)
  to   space 18944K, 0% used [0x0000000788500000,0x0000000788500000,0x0000000789780000)
 ParOldGen       total 237056K, used 20196K [0x00000006c4a00000, 0x00000006d3180000, 0x000000076c380000)
  object space 237056K, 8% used [0x00000006c4a00000,0x00000006c5db9390,0x00000006d3180000)
 Metaspace       used 59535K, capacity 63040K, committed 63256K, reserved 1103872K
  class space    used 8065K, capacity 8682K, committed 8736K, reserved 1048576K
}
Event: 331.102 GC heap before
{Heap before GC invocations=17 (full 6):
 PSYoungGen      total 460288K, used 3791K [0x000000076c380000, 0x0000000789780000, 0x00000007c0000000)
  eden space 441344K, 0% used [0x000000076c380000,0x000000076c380000,0x0000000787280000)
  from space 18944K, 20% used [0x0000000787280000,0x0000000787633c08,0x0000000788500000)
  to   space 18944K, 0% used [0x0000000788500000,0x0000000788500000,0x0000000789780000)
 ParOldGen       total 237056K, used 20196K [0x00000006c4a00000, 0x00000006d3180000, 0x000000076c380000)
  object space 237056K, 8% used [0x00000006c4a00000,0x00000006c5db9390,0x00000006d3180000)
 Metaspace       used 59535K, capacity 63040K, committed 63256K, reserved 1103872K
  class space    used 8065K, capacity 8682K, committed 8736K, reserved 1048576K
Event: 331.233 GC heap after
Heap after GC invocations=17 (full 6):
 PSYoungGen      total 460288K, used 0K [0x000000076c380000, 0x0000000789780000, 0x00000007c0000000)
  eden space 441344K, 0% used [0x000000076c380000,0x000000076c380000,0x0000000787280000)
  from space 18944K, 0% used [0x0000000787280000,0x0000000787280000,0x0000000788500000)
  to   space 18944K, 0% used [0x0000000788500000,0x0000000788500000,0x0000000789780000)
 ParOldGen       total 237056K, used 18882K [0x00000006c4a00000, 0x00000006d3180000, 0x000000076c380000)
  object space 237056K, 7% used [0x00000006c4a00000,0x00000006c5c70b80,0x00000006d3180000)
 Metaspace       used 59533K, capacity 63034K, committed 63256K, reserved 1103872K
  class space    used 8064K, capacity 8680K, committed 8736K, reserved 1048576K
}
Event: 349.612 GC heap before
{Heap before GC invocations=18 (full 6):
 PSYoungGen      total 460288K, used 214868K [0x000000076c380000, 0x0000000789780000, 0x00000007c0000000)
  eden space 441344K, 48% used [0x000000076c380000,0x0000000779555388,0x0000000787280000)
  from space 18944K, 0% used [0x0000000787280000,0x0000000787280000,0x0000000788500000)
  to   space 18944K, 0% used [0x0000000788500000,0x0000000788500000,0x0000000789780000)
 ParOldGen       total 237056K, used 18882K [0x00000006c4a00000, 0x00000006d3180000, 0x000000076c380000)
  object space 237056K, 7% used [0x00000006c4a00000,0x00000006c5c70b80,0x00000006d3180000)
 Metaspace       used 60218K, capacity 63912K, committed 64152K, reserved 1103872K
  class space    used 8137K, capacity 8788K, committed 8864K, reserved 1048576K
Event: 349.620 GC heap after
Heap after GC invocations=18 (full 6):
 PSYoungGen      total 459264K, used 5439K [0x000000076c380000, 0x0000000789680000, 0x00000007c0000000)
  eden space 441344K, 0% used [0x000000076c380000,0x000000076c380000,0x0000000787280000)
  from space 17920K, 30% used [0x0000000788500000,0x0000000788a4ff38,0x0000000789680000)
  to   space 18432K, 0% used [0x0000000787280000,0x0000000787280000,0x0000000788480000)
 ParOldGen       total 237056K, used 18890K [0x00000006c4a00000, 0x00000006d3180000, 0x000000076c380000)
  object space 237056K, 7% used [0x00000006c4a00000,0x00000006c5c72b80,0x00000006d3180000)
 Metaspace       used 60218K, capacity 63912K, committed 64152K, reserved 1103872K
  class space    used 8137K, capacity 8788K, committed 8864K, reserved 1048576K
}
Event: 349.620 GC heap before
{Heap before GC invocations=19 (full 7):
 PSYoungGen      total 459264K, used 5439K [0x000000076c380000, 0x0000000789680000, 0x00000007c0000000)
  eden space 441344K, 0% used [0x000000076c380000,0x000000076c380000,0x0000000787280000)
  from space 17920K, 30% used [0x0000000788500000,0x0000000788a4ff38,0x0000000789680000)
  to   space 18432K, 0% used [0x0000000787280000,0x0000000787280000,0x0000000788480000)
 ParOldGen       total 237056K, used 18890K [0x00000006c4a00000, 0x00000006d3180000, 0x000000076c380000)
  object space 237056K, 7% used [0x00000006c4a00000,0x00000006c5c72b80,0x00000006d3180000)
 Metaspace       used 60218K, capacity 63912K, committed 64152K, reserved 1103872K
  class space    used 8137K, capacity 8788K, committed 8864K, reserved 1048576K
Event: 349.759 GC heap after
Heap after GC invocations=19 (full 7):
 PSYoungGen      total 459264K, used 0K [0x000000076c380000, 0x0000000789680000, 0x00000007c0000000)
  eden space 441344K, 0% used [0x000000076c380000,0x000000076c380000,0x0000000787280000)
  from space 17920K, 0% used [0x0000000788500000,0x0000000788500000,0x0000000789680000)
  to   space 18432K, 0% used [0x0000000787280000,0x0000000787280000,0x0000000788480000)
 ParOldGen       total 237056K, used 20973K [0x00000006c4a00000, 0x00000006d3180000, 0x000000076c380000)
  object space 237056K, 8% used [0x00000006c4a00000,0x00000006c5e7b750,0x00000006d3180000)
 Metaspace       used 60216K, capacity 63906K, committed 64152K, reserved 1103872K
  class space    used 8136K, capacity 8786K, committed 8864K, reserved 1048576K
}

